********************************************************************************
product = Open Liberty 21.0.0.12 (wlp-1.0.59.cl211220211117-1256)
wlp.install.dir = /home/meri/quarkus/configuration/demo/target/liberty/wlp/
java.home = /usr/lib/jvm/java-11-openjdk-amd64
java.version = 11.0.11
java.runtime = OpenJDK Runtime Environment (11.0.11+9-Ubuntu-0ubuntu2.20.04)
os = Linux (5.11.0-40-generic; amd64) (pt_BR)
process = 35186@meri-Lenovo-ideapad-330S-14IKB
********************************************************************************
[27/11/2021 21:27:03:125 BRT] 00000001 com.ibm.ws.kernel.launch.internal.FrameworkManager           A CWWKE0001I: O servidor demo foi ativado.
[27/11/2021 21:27:07:306 BRT] 00000001 com.ibm.ws.kernel.launch.internal.FrameworkManager           I CWWKE0002I: O kernel foi iniciado após 4,595 segundos
[27/11/2021 21:27:07:403 BRT] 00000023 com.ibm.ws.kernel.feature.internal.FeatureManager            I CWWKF0007I: Atualização do recurso iniciada.
[27/11/2021 21:27:07:807 BRT] 00000019 .apache.cxf.cxf.core.3.2:1.0.59.cl211220211117-1256(id=102)] I Aries Blueprint packages not available. So namespaces will not be registered
[27/11/2021 21:27:07:809 BRT] 00000018 .apache.cxf.cxf.core.3.2:1.0.59.cl211220211117-1256(id=102)] I Aries Blueprint packages not available. So namespaces will not be registered
[27/11/2021 21:27:07:986 BRT] 00000017 com.ibm.ws.security.ready.internal.SecurityReadyServiceImpl  I CWWKS0007I: O serviço de segurança está iniciando...
[27/11/2021 21:27:08:895 BRT] 00000018 com.ibm.ws.app.manager.internal.monitor.DropinMonitor        A CWWKZ0058I: Monitorando dropins para aplicativos.
[27/11/2021 21:27:09:962 BRT] 00000019 rty.security.mp.jwt.v12.config.impl.MpConfigProxyServiceImpl I CWWKS5780I: O MicroProfile JWT versão 1.2 mpConfigProxy foi processado com sucesso.
[27/11/2021 21:27:09:966 BRT] 00000019 .ws.security.mp.jwt.v11.config.impl.MpConfigProxyServiceImpl I CWWKS5775I: O mpConfigProxy do MicroProfile JWT versão 1.1 foi processado com sucesso.
[27/11/2021 21:27:09:986 BRT] 0000001a com.ibm.ws.cache.ServerCache                                 I DYNA1001I: A instância de Cache Dinâmico do WebSphere denominada baseCache foi inicializada com êxito.
[27/11/2021 21:27:09:991 BRT] 0000001a com.ibm.ws.cache.ServerCache                                 I DYNA1071I: O provedor de cache default está sendo usado.
[27/11/2021 21:27:09:993 BRT] 0000001a com.ibm.ws.cache.CacheServiceImpl                            I DYNA1056I: Cache Dinâmico (cache de objeto) inicializado com êxito.
[27/11/2021 21:27:10:174 BRT] 0000001f com.ibm.ws.ssl.config.WSKeyStore                             I Successfully loaded default keystore: /home/meri/quarkus/configuration/demo/target/liberty/wlp/usr/servers/demo/resources/security/public.jks of type: JKS
[27/11/2021 21:27:10:191 BRT] 00000025 com.ibm.ws.security.token.ltpa.internal.LTPAKeyCreateTask    I CWWKS4105I: A configuração de LTPA fica pronta após 0,026 segundos.
[27/11/2021 21:27:10:213 BRT] 00000017 ibm.ws.security.authentication.internal.jaas.JAASServiceImpl I CWWKS1123I:  O plug-in de autenticação coletivo com o nome de classe NullCollectiveAuthenticationPlugin foi ativado. 
[27/11/2021 21:27:10:267 BRT] 0000001f com.ibm.ws.security.mp.jwt.impl.MicroProfileJwtServiceImpl   I CWWKS5500I: A configuração do MicroProfile JWT [MicroProfileJwtService] foi processada com sucesso.
[27/11/2021 21:27:10:270 BRT] 0000001f com.ibm.ws.security.mp.jwt.impl.MicroProfileJwtConfigImpl    I CWWKS5500I: A configuração do MicroProfile JWT [jwtUserConsumer] foi processada com sucesso.
[27/11/2021 21:27:10:271 BRT] 0000001f com.ibm.ws.security.mp.jwt.impl.MicroProfileJwtConfigImpl    I CWWKS5500I: A configuração do MicroProfile JWT [defaultMpJwt] foi processada com sucesso.
[27/11/2021 21:27:10:373 BRT] 00000017 com.ibm.ws.security.jwt.internal.ConsumerImpl                I CWWKS6012I: O serviço do consumidor JSON Web Token (JWT) está disponível.
[27/11/2021 21:27:10:387 BRT] 00000017 com.ibm.ws.security.jwt.web.JwtEndpointServices              I CWWKS6002I: O trabalho de terminal JSON Web Token (JWT) está disponível.
[27/11/2021 21:27:10:419 BRT] 00000017 com.ibm.ws.security.jaspi.AuthConfigFactoryWrapper           I CWWKS1655I: A classe AuthConfigFactory com.ibm.ws.security.jaspi.ProviderRegistry padrão do Java Authentication SPI for Containers (JASPIC) está sendo usada porque a propriedade de segurança Java authconfigprovider.factory não está configurada. 
[27/11/2021 21:27:10:640 BRT] 00000017 com.ibm.ws.session.WASSessionCore                            I SESN8501I: O gerenciador de sessões não localizou um local de armazenamento persistente; objetos HttpSession serão armazenados na memória do servidor de aplicativos local.
[27/11/2021 21:27:10:992 BRT] 00000017 .microprofile.metrics.internal.monitor.MonitorMetricsHandler I CWPMI2003I: Métricas de monitoramento podem ser recuperadas por meio do mpMetrics.
[27/11/2021 21:27:11:487 BRT] 00000027 com.ibm.ws.app.manager.AppMessageHelper                      I CWWKZ0018I: Iniciando o aplicativo demo.
[27/11/2021 21:27:11:489 BRT] 00000027 bm.ws.app.manager.war.internal.WARDeployedAppInfoFactoryImpl I CWWKZ0134I: O aplicativo demo está usando a definição de aplicativo indefinido no local /home/meri/quarkus/configuration/demo/target/liberty/wlp/usr/servers/demo/apps/demo.war.xml.
[27/11/2021 21:27:11:740 BRT] 00000026 com.ibm.ws.webcontainer.osgi.webapp.WebGroup                 I SRVE0169I: Carregando o Módulo da Web: health.
[27/11/2021 21:27:11:739 BRT] 00000025 com.ibm.ws.webcontainer.osgi.webapp.WebGroup                 I SRVE0169I: Carregando o Módulo da Web: PublicMicroProfileMetrics.
[27/11/2021 21:27:11:741 BRT] 00000035 com.ibm.ws.webcontainer.osgi.webapp.WebGroup                 I SRVE0169I: Carregando o Módulo da Web: MicroProfileOpenAPI.
[27/11/2021 21:27:11:743 BRT] 00000036 com.ibm.ws.webcontainer.osgi.webapp.WebGroup                 I SRVE0169I: Carregando o Módulo da Web: OpenAPIUI.
[27/11/2021 21:27:11:740 BRT] 00000037 com.ibm.ws.webcontainer.osgi.webapp.WebGroup                 I SRVE0169I: Carregando o Módulo da Web: ibm/api.
[27/11/2021 21:27:11:747 BRT] 00000026 com.ibm.ws.http.internal.VirtualHostImpl                     A CWWKT0016I: Aplicativo da Web disponível (default_host): http://localhost:9080/health/
[27/11/2021 21:27:11:752 BRT] 00000037 com.ibm.ws.http.internal.VirtualHostImpl                     A CWWKT0016I: Aplicativo da Web disponível (default_host): http://localhost:9080/ibm/api/
[27/11/2021 21:27:11:740 BRT] 00000030 com.ibm.ws.webcontainer.osgi.webapp.WebGroup                 I SRVE0169I: Carregando o Módulo da Web: com.ibm.ws.security.jwt.
[27/11/2021 21:27:11:759 BRT] 00000025 com.ibm.ws.http.internal.VirtualHostImpl                     A CWWKT0016I: Aplicativo da Web disponível (default_host): http://localhost:9080/metrics/
[27/11/2021 21:27:11:764 BRT] 00000036 com.ibm.ws.http.internal.VirtualHostImpl                     A CWWKT0016I: Aplicativo da Web disponível (default_host): http://localhost:9080/openapi/ui/
[27/11/2021 21:27:11:764 BRT] 00000035 com.ibm.ws.http.internal.VirtualHostImpl                     A CWWKT0016I: Aplicativo da Web disponível (default_host): http://localhost:9080/openapi/
[27/11/2021 21:27:11:770 BRT] 00000030 com.ibm.ws.http.internal.VirtualHostImpl                     A CWWKT0016I: Aplicativo da Web disponível (default_host): http://localhost:9080/jwt/
[27/11/2021 21:27:11:877 BRT] 00000029 com.ibm.ws.session.WASSessionCore                            I SESN0176I: Um novo contexto de sessão será criado para a chave do aplicativo default_host/jwt
[27/11/2021 21:27:11:877 BRT] 0000002b com.ibm.ws.session.WASSessionCore                            I SESN0176I: Um novo contexto de sessão será criado para a chave do aplicativo default_host/health
[27/11/2021 21:27:11:877 BRT] 0000002d com.ibm.ws.session.WASSessionCore                            I SESN0176I: Um novo contexto de sessão será criado para a chave do aplicativo default_host/metrics
[27/11/2021 21:27:11:883 BRT] 0000002c com.ibm.ws.session.WASSessionCore                            I SESN0176I: Um novo contexto de sessão será criado para a chave do aplicativo default_host/ibm/api
[27/11/2021 21:27:11:883 BRT] 0000002f com.ibm.ws.session.WASSessionCore                            I SESN0176I: Um novo contexto de sessão será criado para a chave do aplicativo default_host/openapi/ui
[27/11/2021 21:27:11:884 BRT] 00000036 com.ibm.ws.session.WASSessionCore                            I SESN0176I: Um novo contexto de sessão será criado para a chave do aplicativo default_host/openapi
[27/11/2021 21:27:11:993 BRT] 0000002d com.ibm.ws.util                                              I SESN0172I: O gerenciador de sessões está usando a implementação SecureRandom padrão Java para geração do ID de sessão.
[27/11/2021 21:27:12:002 BRT] 00000036 com.ibm.ws.util                                              I SESN0172I: O gerenciador de sessões está usando a implementação SecureRandom padrão Java para geração do ID de sessão.
[27/11/2021 21:27:12:006 BRT] 0000002f com.ibm.ws.util                                              I SESN0172I: O gerenciador de sessões está usando a implementação SecureRandom padrão Java para geração do ID de sessão.
[27/11/2021 21:27:12:006 BRT] 0000002c com.ibm.ws.util                                              I SESN0172I: O gerenciador de sessões está usando a implementação SecureRandom padrão Java para geração do ID de sessão.
[27/11/2021 21:27:12:007 BRT] 0000002b com.ibm.ws.util                                              I SESN0172I: O gerenciador de sessões está usando a implementação SecureRandom padrão Java para geração do ID de sessão.
[27/11/2021 21:27:12:008 BRT] 00000029 com.ibm.ws.util                                              I SESN0172I: O gerenciador de sessões está usando a implementação SecureRandom padrão Java para geração do ID de sessão.
[27/11/2021 21:27:12:041 BRT] 0000002f com.ibm.ws.cache.CacheServiceImpl                            I DYNA1056I: Cache Dinâmico (cache de objeto) inicializado com êxito.
[27/11/2021 21:27:12:660 BRT] 00000036 com.ibm.ws.webcontainer.servlet                              I SRVE0242I: [io.openliberty.microprofile.openapi.2.0.internal] [/openapi] [ApplicationServlet]: Inicialização bem sucedida.
[27/11/2021 21:27:12:716 BRT] 0000002d com.ibm.ws.webcontainer.servlet                              I SRVE0242I: [io.openliberty.microprofile.metrics.internal.public] [/metrics] [PublicMetricsRESTProxyServlet]: Inicialização bem sucedida.
[27/11/2021 21:27:12:789 BRT] 0000002b com.ibm.ws.webcontainer.servlet                              I SRVE0242I: [io.openliberty.microprofile.health.3.0.internal] [/health] [HealthCheckReadinessServlet]: Inicialização bem sucedida.
[27/11/2021 21:27:12:795 BRT] 0000002b com.ibm.ws.webcontainer.servlet                              I SRVE0242I: [io.openliberty.microprofile.health.3.0.internal] [/health] [HealthCheckServlet]: Inicialização bem sucedida.
[27/11/2021 21:27:12:803 BRT] 0000002b com.ibm.ws.webcontainer.servlet                              I SRVE0242I: [io.openliberty.microprofile.health.3.0.internal] [/health] [HealthCheckLivenessServlet]: Inicialização bem sucedida.
[27/11/2021 21:27:13:174 BRT] 0000002a com.ibm.ws.webcontainer.osgi.mbeans.PluginGenerator          I SRVE9103I: Um arquivo de configuração para um plug-in de servidor da web foi automaticamente gerado para este servidor em /home/meri/quarkus/configuration/demo/target/liberty/wlp/usr/servers/demo/logs/state/plugin-cfg.xml.
[27/11/2021 21:27:15:399 BRT] 00000027 io.openliberty.microprofile.openapi20.ApplicationProcessor   I CWWKO1660I: O aplicativo demo foi processado e um documento OpenAPI foi produzido.
[27/11/2021 21:27:15:563 BRT] 00000027 org.jboss.weld.Version                                       I WELD-000900: 3.1.8 (Final)
[27/11/2021 21:27:17:194 BRT] 00000027 com.ibm.ws.webcontainer.osgi.webapp.WebGroup                 I SRVE0169I: Carregando o Módulo da Web: demo.
[27/11/2021 21:27:17:194 BRT] 00000027 com.ibm.ws.http.internal.VirtualHostImpl                     A CWWKT0016I: Aplicativo da Web disponível (default_host): http://localhost:9080/
[27/11/2021 21:27:17:196 BRT] 0000002b com.ibm.ws.session.WASSessionCore                            I SESN0176I: Um novo contexto de sessão será criado para a chave do aplicativo default_host/
[27/11/2021 21:27:17:197 BRT] 0000002b com.ibm.ws.util                                              I SESN0172I: O gerenciador de sessões está usando a implementação SecureRandom padrão Java para geração do ID de sessão.
[27/11/2021 21:27:17:221 BRT] 0000002b com.ibm.ws.app.manager.AppMessageHelper                      A CWWKZ0001I: O aplicativo demo foi iniciado em 5,734 segundos.
[27/11/2021 21:27:17:242 BRT] 00000023 com.ibm.ws.tcpchannel.internal.TCPPort                       I CWWKO0219I: O Canal TCP defaultHttpEndpoint foi iniciado e agora está atendendo solicitações no host localhost  (IPv4: 127.0.0.1) porta 9080.
[27/11/2021 21:27:17:244 BRT] 00000023 com.ibm.ws.tcpchannel.internal.TCPPort                       I CWWKO0219I: O Canal TCP defaultHttpEndpoint-ssl foi iniciado e agora está atendendo solicitações no host localhost  (IPv4: 127.0.0.1) porta 9443.
[27/11/2021 21:27:17:251 BRT] 00000023 com.ibm.ws.kernel.feature.internal.FeatureManager            A CWWKF0012I: O servidor instalou os recursos a seguir: [appSecurity-3.0, cdi-2.0, distributedMap-1.0, el-3.0, jaxrs-2.1, jaxrsClient-2.1, jndi-1.0, json-1.0, jsonb-1.0, jsonp-1.1, jwt-1.0, microProfile-4.0, monitor-1.0, mpConfig-2.0, mpFaultTolerance-3.0, mpHealth-3.0, mpJwt-1.2, mpMetrics-3.0, mpOpenAPI-2.0, mpOpenTracing-2.0, mpRestClient-2.0, opentracing-2.0, servlet-4.0, ssl-1.0].
[27/11/2021 21:27:17:251 BRT] 00000023 com.ibm.ws.kernel.feature.internal.FeatureManager            I CWWKF0008I: Atualização do recurso concluída em 9,950 segundos.
[27/11/2021 21:27:17:252 BRT] 00000023 com.ibm.ws.kernel.feature.internal.FeatureManager            A CWWKF0011I: O servidor demo está pronto para gerenciar um planeta mais inteligente. O servidor demo foi iniciado em 14,553 segundos.
[27/11/2021 21:27:17:271 BRT] 0000002f com.ibm.ws.webcontainer.osgi.mbeans.PluginGenerator          I SRVE9103I: Um arquivo de configuração para um plug-in de servidor da web foi automaticamente gerado para este servidor em /home/meri/quarkus/configuration/demo/target/liberty/wlp/usr/servers/demo/logs/state/plugin-cfg.xml.
[27/11/2021 21:27:19:386 BRT] 00000027 com.ibm.ws.http.internal.VirtualHostImpl                     A CWWKT0017I: Aplicativo da Web removido (default_host): http://localhost:9080/
[27/11/2021 21:27:19:420 BRT] 00000027 com.ibm.ws.app.manager.AppMessageHelper                      A CWWKZ0009I: O aplicativo demo foi interrompido com sucesso.
[27/11/2021 21:27:19:425 BRT] 00000027 com.ibm.ws.app.manager.AppMessageHelper                      I CWWKZ0018I: Iniciando o aplicativo demo.
[27/11/2021 21:27:19:426 BRT] 00000027 bm.ws.app.manager.war.internal.WARDeployedAppInfoFactoryImpl I CWWKZ0134I: O aplicativo demo está usando a definição de aplicativo indefinido no local /home/meri/quarkus/configuration/demo/target/liberty/wlp/usr/servers/demo/apps/demo.war.xml.
[27/11/2021 21:27:19:489 BRT] 00000024 com.ibm.ws.webcontainer.osgi.mbeans.PluginGenerator          I SRVE9103I: Um arquivo de configuração para um plug-in de servidor da web foi automaticamente gerado para este servidor em /home/meri/quarkus/configuration/demo/target/liberty/wlp/usr/servers/demo/logs/state/plugin-cfg.xml.
[27/11/2021 21:27:22:917 BRT] 00000027 io.openliberty.microprofile.openapi20.ApplicationProcessor   I CWWKO1660I: O aplicativo demo foi processado e um documento OpenAPI foi produzido.
[27/11/2021 21:27:23:508 BRT] 00000027 com.ibm.ws.webcontainer.osgi.webapp.WebGroup                 I SRVE0169I: Carregando o Módulo da Web: demo.
[27/11/2021 21:27:23:508 BRT] 00000027 com.ibm.ws.http.internal.VirtualHostImpl                     A CWWKT0016I: Aplicativo da Web disponível (default_host): http://localhost:9080/
[27/11/2021 21:27:23:510 BRT] 0000002f com.ibm.ws.session.WASSessionCore                            I SESN0176I: Um novo contexto de sessão será criado para a chave do aplicativo default_host/
[27/11/2021 21:27:23:510 BRT] 0000002f com.ibm.ws.util                                              I SESN0172I: O gerenciador de sessões está usando a implementação SecureRandom padrão Java para geração do ID de sessão.
[27/11/2021 21:27:23:524 BRT] 0000002f com.ibm.ws.app.manager.AppMessageHelper                      A CWWKZ0003I: O aplicativo demo foi atualizado em 4,099 segundos.
[27/11/2021 21:27:23:587 BRT] 00000027 com.ibm.ws.webcontainer.osgi.mbeans.PluginGenerator          I SRVE9103I: Um arquivo de configuração para um plug-in de servidor da web foi automaticamente gerado para este servidor em /home/meri/quarkus/configuration/demo/target/liberty/wlp/usr/servers/demo/logs/state/plugin-cfg.xml.
[27/11/2021 21:27:36:295 BRT] 00000025 com.ibm.ws.webcontainer.extension                            W SRVE0190E: Arquivo não localizado: /data/hello
[27/11/2021 21:27:42:647 BRT] 0000002b com.ibm.ws.webcontainer.extension                            W SRVE0190E: Arquivo não localizado: /data/hello
[27/11/2021 21:28:56:996 BRT] 00000030 com.ibm.ws.http.internal.VirtualHostImpl                     A CWWKT0017I: Aplicativo da Web removido (default_host): http://localhost:9080/
[27/11/2021 21:28:57:014 BRT] 00000030 com.ibm.ws.app.manager.AppMessageHelper                      A CWWKZ0009I: O aplicativo demo foi interrompido com sucesso.
[27/11/2021 21:28:57:029 BRT] 00000030 com.ibm.ws.app.manager.AppMessageHelper                      I CWWKZ0018I: Iniciando o aplicativo demo.
[27/11/2021 21:28:57:029 BRT] 00000030 bm.ws.app.manager.war.internal.WARDeployedAppInfoFactoryImpl I CWWKZ0134I: O aplicativo demo está usando a definição de aplicativo indefinido no local /home/meri/quarkus/configuration/demo/target/liberty/wlp/usr/servers/demo/apps/demo.war.xml.
[27/11/2021 21:28:57:091 BRT] 00000036 com.ibm.ws.webcontainer.osgi.mbeans.PluginGenerator          I SRVE9103I: Um arquivo de configuração para um plug-in de servidor da web foi automaticamente gerado para este servidor em /home/meri/quarkus/configuration/demo/target/liberty/wlp/usr/servers/demo/logs/state/plugin-cfg.xml.
[27/11/2021 21:28:57:875 BRT] 00000030 io.openliberty.microprofile.openapi20.ApplicationProcessor   I CWWKO1660I: O aplicativo demo foi processado e um documento OpenAPI foi produzido.
[27/11/2021 21:28:58:486 BRT] 00000030 com.ibm.ws.webcontainer.osgi.webapp.WebGroup                 I SRVE0169I: Carregando o Módulo da Web: demo.
[27/11/2021 21:28:58:487 BRT] 00000030 com.ibm.ws.http.internal.VirtualHostImpl                     A CWWKT0016I: Aplicativo da Web disponível (default_host): http://localhost:9080/
[27/11/2021 21:28:58:491 BRT] 0000002a com.ibm.ws.session.WASSessionCore                            I SESN0176I: Um novo contexto de sessão será criado para a chave do aplicativo default_host/
[27/11/2021 21:28:58:491 BRT] 0000002a com.ibm.ws.util                                              I SESN0172I: O gerenciador de sessões está usando a implementação SecureRandom padrão Java para geração do ID de sessão.
[27/11/2021 21:28:58:502 BRT] 0000002a com.ibm.ws.app.manager.AppMessageHelper                      A CWWKZ0003I: O aplicativo demo foi atualizado em 1,473 segundos.
[27/11/2021 21:28:58:567 BRT] 0000002d com.ibm.ws.webcontainer.osgi.mbeans.PluginGenerator          I SRVE9103I: Um arquivo de configuração para um plug-in de servidor da web foi automaticamente gerado para este servidor em /home/meri/quarkus/configuration/demo/target/liberty/wlp/usr/servers/demo/logs/state/plugin-cfg.xml.
[27/11/2021 21:31:00:653 BRT] 00000036 com.ibm.ws.http.internal.VirtualHostImpl                     A CWWKT0017I: Aplicativo da Web removido (default_host): http://localhost:9080/
[27/11/2021 21:31:00:669 BRT] 00000036 com.ibm.ws.app.manager.AppMessageHelper                      A CWWKZ0009I: O aplicativo demo foi interrompido com sucesso.
[27/11/2021 21:31:00:673 BRT] 00000036 com.ibm.ws.app.manager.AppMessageHelper                      I CWWKZ0018I: Iniciando o aplicativo demo.
[27/11/2021 21:31:00:674 BRT] 00000036 bm.ws.app.manager.war.internal.WARDeployedAppInfoFactoryImpl I CWWKZ0134I: O aplicativo demo está usando a definição de aplicativo indefinido no local /home/meri/quarkus/configuration/demo/target/liberty/wlp/usr/servers/demo/apps/demo.war.xml.
[27/11/2021 21:31:00:736 BRT] 00000023 com.ibm.ws.webcontainer.osgi.mbeans.PluginGenerator          I SRVE9103I: Um arquivo de configuração para um plug-in de servidor da web foi automaticamente gerado para este servidor em /home/meri/quarkus/configuration/demo/target/liberty/wlp/usr/servers/demo/logs/state/plugin-cfg.xml.
[27/11/2021 21:31:02:399 BRT] 00000036 io.openliberty.microprofile.openapi20.ApplicationProcessor   I CWWKO1660I: O aplicativo demo foi processado e um documento OpenAPI foi produzido.
[27/11/2021 21:31:02:901 BRT] 00000036 com.ibm.ws.webcontainer.osgi.webapp.WebGroup                 I SRVE0169I: Carregando o Módulo da Web: demo.
[27/11/2021 21:31:02:902 BRT] 00000036 com.ibm.ws.http.internal.VirtualHostImpl                     A CWWKT0016I: Aplicativo da Web disponível (default_host): http://localhost:9080/
[27/11/2021 21:31:02:903 BRT] 00000036 com.ibm.ws.session.WASSessionCore                            I SESN0176I: Um novo contexto de sessão será criado para a chave do aplicativo default_host/
[27/11/2021 21:31:02:903 BRT] 00000036 com.ibm.ws.util                                              I SESN0172I: O gerenciador de sessões está usando a implementação SecureRandom padrão Java para geração do ID de sessão.
[27/11/2021 21:31:02:915 BRT] 00000036 com.ibm.ws.app.manager.AppMessageHelper                      A CWWKZ0003I: O aplicativo demo foi atualizado em 2,242 segundos.
[27/11/2021 21:31:02:968 BRT] 00000035 com.ibm.ws.webcontainer.osgi.mbeans.PluginGenerator          I SRVE9103I: Um arquivo de configuração para um plug-in de servidor da web foi automaticamente gerado para este servidor em /home/meri/quarkus/configuration/demo/target/liberty/wlp/usr/servers/demo/logs/state/plugin-cfg.xml.
[27/11/2021 21:33:06:463 BRT] 00000035 com.ibm.ws.webcontainer.extension                            W SRVE0190E: Arquivo não localizado: /data/hello
[27/11/2021 21:36:29:434 BRT] 0000002b com.ibm.ws.webcontainer.extension                            W SRVE0190E: Arquivo não localizado: /data/hello
[27/11/2021 21:36:52:791 BRT] 00000028 com.ibm.ws.http.internal.VirtualHostImpl                     A CWWKT0017I: Aplicativo da Web removido (default_host): http://localhost:9080/
[27/11/2021 21:36:52:822 BRT] 00000028 com.ibm.ws.app.manager.AppMessageHelper                      A CWWKZ0009I: O aplicativo demo foi interrompido com sucesso.
[27/11/2021 21:36:52:826 BRT] 00000028 com.ibm.ws.app.manager.AppMessageHelper                      I CWWKZ0018I: Iniciando o aplicativo demo.
[27/11/2021 21:36:52:826 BRT] 00000028 bm.ws.app.manager.war.internal.WARDeployedAppInfoFactoryImpl I CWWKZ0134I: O aplicativo demo está usando a definição de aplicativo indefinido no local /home/meri/quarkus/configuration/demo/target/liberty/wlp/usr/servers/demo/apps/demo.war.xml.
[27/11/2021 21:36:52:898 BRT] 0000002c com.ibm.ws.webcontainer.osgi.mbeans.PluginGenerator          I SRVE9103I: Um arquivo de configuração para um plug-in de servidor da web foi automaticamente gerado para este servidor em /home/meri/quarkus/configuration/demo/target/liberty/wlp/usr/servers/demo/logs/state/plugin-cfg.xml.
[27/11/2021 21:36:53:626 BRT] 00000028 io.openliberty.microprofile.openapi20.ApplicationProcessor   I CWWKO1660I: O aplicativo demo foi processado e um documento OpenAPI foi produzido.
[27/11/2021 21:36:54:137 BRT] 00000028 com.ibm.ws.webcontainer.osgi.webapp.WebGroup                 I SRVE0169I: Carregando o Módulo da Web: demo.
[27/11/2021 21:36:54:137 BRT] 00000028 com.ibm.ws.http.internal.VirtualHostImpl                     A CWWKT0016I: Aplicativo da Web disponível (default_host): http://localhost:9080/
[27/11/2021 21:36:54:139 BRT] 00000036 com.ibm.ws.session.WASSessionCore                            I SESN0176I: Um novo contexto de sessão será criado para a chave do aplicativo default_host/
[27/11/2021 21:36:54:139 BRT] 00000036 com.ibm.ws.util                                              I SESN0172I: O gerenciador de sessões está usando a implementação SecureRandom padrão Java para geração do ID de sessão.
[27/11/2021 21:36:54:151 BRT] 00000036 com.ibm.ws.app.manager.AppMessageHelper                      A CWWKZ0003I: O aplicativo demo foi atualizado em 1,325 segundos.
[27/11/2021 21:36:54:230 BRT] 0000005c com.ibm.ws.webcontainer.osgi.mbeans.PluginGenerator          I SRVE9103I: Um arquivo de configuração para um plug-in de servidor da web foi automaticamente gerado para este servidor em /home/meri/quarkus/configuration/demo/target/liberty/wlp/usr/servers/demo/logs/state/plugin-cfg.xml.
[27/11/2021 21:37:02:478 BRT] 0000002a com.ibm.ws.http.internal.VirtualHostImpl                     A CWWKT0017I: Aplicativo da Web removido (default_host): http://localhost:9080/
[27/11/2021 21:37:02:498 BRT] 0000002a com.ibm.ws.app.manager.AppMessageHelper                      A CWWKZ0009I: O aplicativo demo foi interrompido com sucesso.
[27/11/2021 21:37:02:503 BRT] 0000002a com.ibm.ws.app.manager.AppMessageHelper                      I CWWKZ0018I: Iniciando o aplicativo demo.
[27/11/2021 21:37:02:504 BRT] 0000002a bm.ws.app.manager.war.internal.WARDeployedAppInfoFactoryImpl I CWWKZ0134I: O aplicativo demo está usando a definição de aplicativo indefinido no local /home/meri/quarkus/configuration/demo/target/liberty/wlp/usr/servers/demo/apps/demo.war.xml.
[27/11/2021 21:37:02:595 BRT] 00000023 com.ibm.ws.webcontainer.osgi.mbeans.PluginGenerator          I SRVE9103I: Um arquivo de configuração para um plug-in de servidor da web foi automaticamente gerado para este servidor em /home/meri/quarkus/configuration/demo/target/liberty/wlp/usr/servers/demo/logs/state/plugin-cfg.xml.
[27/11/2021 21:37:03:332 BRT] 0000002a io.openliberty.microprofile.openapi20.ApplicationProcessor   I CWWKO1660I: O aplicativo demo foi processado e um documento OpenAPI foi produzido.
[27/11/2021 21:37:04:324 BRT] 0000002a com.ibm.ws.webcontainer.osgi.webapp.WebGroup                 I SRVE0169I: Carregando o Módulo da Web: demo.
[27/11/2021 21:37:04:324 BRT] 0000002a com.ibm.ws.http.internal.VirtualHostImpl                     A CWWKT0016I: Aplicativo da Web disponível (default_host): http://localhost:9080/
[27/11/2021 21:37:04:327 BRT] 00000029 com.ibm.ws.session.WASSessionCore                            I SESN0176I: Um novo contexto de sessão será criado para a chave do aplicativo default_host/
[27/11/2021 21:37:04:328 BRT] 00000029 com.ibm.ws.util                                              I SESN0172I: O gerenciador de sessões está usando a implementação SecureRandom padrão Java para geração do ID de sessão.
[27/11/2021 21:37:04:361 BRT] 00000029 com.ibm.ws.app.manager.AppMessageHelper                      A CWWKZ0003I: O aplicativo demo foi atualizado em 1,858 segundos.
[27/11/2021 21:37:04:399 BRT] 0000002a com.ibm.ws.webcontainer.osgi.mbeans.PluginGenerator          I SRVE9103I: Um arquivo de configuração para um plug-in de servidor da web foi automaticamente gerado para este servidor em /home/meri/quarkus/configuration/demo/target/liberty/wlp/usr/servers/demo/logs/state/plugin-cfg.xml.
[27/11/2021 21:37:14:738 BRT] 0000005f .apache.cxf.cxf.core.3.2:1.0.59.cl211220211117-1256(id=102)] I Setting the server's publish address to be /data/
[27/11/2021 21:37:14:794 BRT] 0000005f com.ibm.ws.webcontainer.servlet                              I SRVE0242I: [demo] [/] [com.config.demo.DemoRestApplication]: Inicialização bem sucedida.
[27/11/2021 21:37:14:865 BRT] 0000005f SystemErr                                                    R SLF4J: Class path contains multiple SLF4J bindings.
[27/11/2021 21:37:14:866 BRT] 0000005f SystemErr                                                    R SLF4J: Found binding in [wsjar:file:/home/meri/.m2/repository/org/jboss/slf4j/slf4j-jboss-logmanager/1.1.0.Final/slf4j-jboss-logmanager-1.1.0.Final.jar!/org/slf4j/impl/StaticLoggerBinder.class]
[27/11/2021 21:37:14:866 BRT] 0000005f SystemErr                                                    R SLF4J: Found binding in [wsjar:file:/home/meri/.m2/repository/org/slf4j/slf4j-jdk14/1.7.30/slf4j-jdk14-1.7.30.jar!/org/slf4j/impl/StaticLoggerBinder.class]
[27/11/2021 21:37:14:866 BRT] 0000005f SystemErr                                                    R SLF4J: See http://www.slf4j.org/codes.html#multiple_bindings for an explanation.
[27/11/2021 21:37:14:871 BRT] 0000005f SystemErr                                                    R SLF4J: Actual binding is of type [org.slf4j.impl.Slf4jLoggerFactory]
[27/11/2021 21:37:15:071 BRT] 0000005f m.ibm.ws.microprofile.opentracing.jaeger.JaegerTracerFactory I CWMOT1001I: Uma instância de JaegerTracer foi criada para o aplicativo demo. As informações de rastreio são enviadas para localhost:6831.
[27/11/2021 21:37:26:868 BRT] 00000028 com.ibm.ws.http.internal.VirtualHostImpl                     A CWWKT0017I: Aplicativo da Web removido (default_host): http://localhost:9080/
[27/11/2021 21:37:26:881 BRT] 00000028 com.ibm.ws.webcontainer.servlet                              I SRVE0253I: [demo] [/] [com.config.demo.DemoRestApplication]: Destruição bem sucedida.
[27/11/2021 21:37:26:911 BRT] 00000028 com.ibm.ws.app.manager.AppMessageHelper                      A CWWKZ0009I: O aplicativo demo foi interrompido com sucesso.
[27/11/2021 21:37:26:915 BRT] 00000028 com.ibm.ws.app.manager.AppMessageHelper                      I CWWKZ0018I: Iniciando o aplicativo demo.
[27/11/2021 21:37:26:915 BRT] 00000028 bm.ws.app.manager.war.internal.WARDeployedAppInfoFactoryImpl I CWWKZ0134I: O aplicativo demo está usando a definição de aplicativo indefinido no local /home/meri/quarkus/configuration/demo/target/liberty/wlp/usr/servers/demo/apps/demo.war.xml.
[27/11/2021 21:37:26:977 BRT] 00000060 com.ibm.ws.webcontainer.osgi.mbeans.PluginGenerator          I SRVE9103I: Um arquivo de configuração para um plug-in de servidor da web foi automaticamente gerado para este servidor em /home/meri/quarkus/configuration/demo/target/liberty/wlp/usr/servers/demo/logs/state/plugin-cfg.xml.
[27/11/2021 21:37:29:793 BRT] 00000028 io.openliberty.microprofile.openapi20.ApplicationProcessor   I CWWKO1660I: O aplicativo demo foi processado e um documento OpenAPI foi produzido.
[27/11/2021 21:37:31:401 BRT] 00000028 com.ibm.ws.webcontainer.osgi.webapp.WebGroup                 I SRVE0169I: Carregando o Módulo da Web: demo.
[27/11/2021 21:37:31:402 BRT] 00000028 com.ibm.ws.http.internal.VirtualHostImpl                     A CWWKT0016I: Aplicativo da Web disponível (default_host): http://localhost:9080/
[27/11/2021 21:37:31:403 BRT] 0000005b com.ibm.ws.session.WASSessionCore                            I SESN0176I: Um novo contexto de sessão será criado para a chave do aplicativo default_host/
[27/11/2021 21:37:31:404 BRT] 0000005b com.ibm.ws.util                                              I SESN0172I: O gerenciador de sessões está usando a implementação SecureRandom padrão Java para geração do ID de sessão.
[27/11/2021 21:37:31:419 BRT] 0000005b com.ibm.ws.app.manager.AppMessageHelper                      A CWWKZ0003I: O aplicativo demo foi atualizado em 4,504 segundos.
[27/11/2021 21:37:31:481 BRT] 00000027 com.ibm.ws.webcontainer.osgi.mbeans.PluginGenerator          I SRVE9103I: Um arquivo de configuração para um plug-in de servidor da web foi automaticamente gerado para este servidor em /home/meri/quarkus/configuration/demo/target/liberty/wlp/usr/servers/demo/logs/state/plugin-cfg.xml.
[27/11/2021 21:37:31:735 BRT] 00000037 .apache.cxf.cxf.core.3.2:1.0.59.cl211220211117-1256(id=102)] I Setting the server's publish address to be /data/
[27/11/2021 21:37:31:743 BRT] 00000037 com.ibm.ws.webcontainer.servlet                              I SRVE0242I: [demo] [/] [com.config.demo.DemoRestApplication]: Inicialização bem sucedida.
[27/11/2021 21:37:31:767 BRT] 00000037 SystemErr                                                    R SLF4J: Class path contains multiple SLF4J bindings.
[27/11/2021 21:37:31:767 BRT] 00000037 SystemErr                                                    R SLF4J: Found binding in [wsjar:file:/home/meri/.m2/repository/org/jboss/slf4j/slf4j-jboss-logmanager/1.1.0.Final/slf4j-jboss-logmanager-1.1.0.Final.jar!/org/slf4j/impl/StaticLoggerBinder.class]
[27/11/2021 21:37:31:767 BRT] 00000037 SystemErr                                                    R SLF4J: Found binding in [wsjar:file:/home/meri/.m2/repository/org/slf4j/slf4j-jdk14/1.7.30/slf4j-jdk14-1.7.30.jar!/org/slf4j/impl/StaticLoggerBinder.class]
[27/11/2021 21:37:31:768 BRT] 00000037 SystemErr                                                    R SLF4J: See http://www.slf4j.org/codes.html#multiple_bindings for an explanation.
[27/11/2021 21:37:31:771 BRT] 00000037 SystemErr                                                    R SLF4J: Actual binding is of type [org.slf4j.impl.Slf4jLoggerFactory]
[27/11/2021 21:37:31:896 BRT] 00000037 m.ibm.ws.microprofile.opentracing.jaeger.JaegerTracerFactory I CWMOT1001I: Uma instância de JaegerTracer foi criada para o aplicativo demo. As informações de rastreio são enviadas para localhost:6831.
[27/11/2021 21:38:39:848 BRT] 00000030 com.ibm.ws.http.internal.VirtualHostImpl                     A CWWKT0017I: Aplicativo da Web removido (default_host): http://localhost:9080/
[27/11/2021 21:38:39:851 BRT] 00000030 com.ibm.ws.webcontainer.servlet                              I SRVE0253I: [demo] [/] [com.config.demo.DemoRestApplication]: Destruição bem sucedida.
[27/11/2021 21:38:39:864 BRT] 00000030 com.ibm.ws.app.manager.AppMessageHelper                      A CWWKZ0009I: O aplicativo demo foi interrompido com sucesso.
[27/11/2021 21:38:39:870 BRT] 00000030 com.ibm.ws.app.manager.AppMessageHelper                      I CWWKZ0018I: Iniciando o aplicativo demo.
[27/11/2021 21:38:39:870 BRT] 00000030 bm.ws.app.manager.war.internal.WARDeployedAppInfoFactoryImpl I CWWKZ0134I: O aplicativo demo está usando a definição de aplicativo indefinido no local /home/meri/quarkus/configuration/demo/target/liberty/wlp/usr/servers/demo/apps/demo.war.xml.
[27/11/2021 21:38:39:966 BRT] 00000029 com.ibm.ws.webcontainer.osgi.mbeans.PluginGenerator          I SRVE9103I: Um arquivo de configuração para um plug-in de servidor da web foi automaticamente gerado para este servidor em /home/meri/quarkus/configuration/demo/target/liberty/wlp/usr/servers/demo/logs/state/plugin-cfg.xml.
[27/11/2021 21:38:41:276 BRT] 00000030 io.openliberty.microprofile.openapi20.ApplicationProcessor   I CWWKO1660I: O aplicativo demo foi processado e um documento OpenAPI foi produzido.
[27/11/2021 21:38:42:693 BRT] 00000030 com.ibm.ws.webcontainer.osgi.webapp.WebGroup                 I SRVE0169I: Carregando o Módulo da Web: demo.
[27/11/2021 21:38:42:693 BRT] 00000030 com.ibm.ws.http.internal.VirtualHostImpl                     A CWWKT0016I: Aplicativo da Web disponível (default_host): http://localhost:9080/
[27/11/2021 21:38:42:696 BRT] 00000036 com.ibm.ws.session.WASSessionCore                            I SESN0176I: Um novo contexto de sessão será criado para a chave do aplicativo default_host/
[27/11/2021 21:38:42:697 BRT] 00000036 com.ibm.ws.util                                              I SESN0172I: O gerenciador de sessões está usando a implementação SecureRandom padrão Java para geração do ID de sessão.
[27/11/2021 21:38:42:706 BRT] 00000036 com.ibm.ws.app.manager.AppMessageHelper                      A CWWKZ0003I: O aplicativo demo foi atualizado em 2,836 segundos.
[27/11/2021 21:38:42:802 BRT] 00000030 com.ibm.ws.webcontainer.osgi.mbeans.PluginGenerator          I SRVE9103I: Um arquivo de configuração para um plug-in de servidor da web foi automaticamente gerado para este servidor em /home/meri/quarkus/configuration/demo/target/liberty/wlp/usr/servers/demo/logs/state/plugin-cfg.xml.
[27/11/2021 21:38:50:464 BRT] 0000005c com.ibm.ws.http.internal.VirtualHostImpl                     A CWWKT0017I: Aplicativo da Web removido (default_host): http://localhost:9080/
[27/11/2021 21:38:50:482 BRT] 0000005c com.ibm.ws.app.manager.AppMessageHelper                      A CWWKZ0009I: O aplicativo demo foi interrompido com sucesso.
[27/11/2021 21:38:50:487 BRT] 0000005c com.ibm.ws.app.manager.AppMessageHelper                      I CWWKZ0018I: Iniciando o aplicativo demo.
[27/11/2021 21:38:50:487 BRT] 0000005c bm.ws.app.manager.war.internal.WARDeployedAppInfoFactoryImpl I CWWKZ0134I: O aplicativo demo está usando a definição de aplicativo indefinido no local /home/meri/quarkus/configuration/demo/target/liberty/wlp/usr/servers/demo/apps/demo.war.xml.
[27/11/2021 21:38:50:578 BRT] 00000037 com.ibm.ws.webcontainer.osgi.mbeans.PluginGenerator          I SRVE9103I: Um arquivo de configuração para um plug-in de servidor da web foi automaticamente gerado para este servidor em /home/meri/quarkus/configuration/demo/target/liberty/wlp/usr/servers/demo/logs/state/plugin-cfg.xml.
[27/11/2021 21:38:51:179 BRT] 0000005c io.openliberty.microprofile.openapi20.ApplicationProcessor   I CWWKO1660I: O aplicativo demo foi processado e um documento OpenAPI foi produzido.
[27/11/2021 21:38:51:605 BRT] 0000005c com.ibm.ws.webcontainer.osgi.webapp.WebGroup                 I SRVE0169I: Carregando o Módulo da Web: demo.
[27/11/2021 21:38:51:605 BRT] 0000005c com.ibm.ws.http.internal.VirtualHostImpl                     A CWWKT0016I: Aplicativo da Web disponível (default_host): http://localhost:9080/
[27/11/2021 21:38:51:613 BRT] 00000023 com.ibm.ws.session.WASSessionCore                            I SESN0176I: Um novo contexto de sessão será criado para a chave do aplicativo default_host/
[27/11/2021 21:38:51:614 BRT] 00000023 com.ibm.ws.util                                              I SESN0172I: O gerenciador de sessões está usando a implementação SecureRandom padrão Java para geração do ID de sessão.
[27/11/2021 21:38:51:626 BRT] 00000023 com.ibm.ws.app.manager.AppMessageHelper                      A CWWKZ0003I: O aplicativo demo foi atualizado em 1,139 segundos.
[27/11/2021 21:38:51:661 BRT] 00000024 com.ibm.ws.http.internal.VirtualHostImpl                     A CWWKT0017I: Aplicativo da Web removido (default_host): http://localhost:9080/
[27/11/2021 21:38:51:688 BRT] 00000024 com.ibm.ws.app.manager.AppMessageHelper                      A CWWKZ0009I: O aplicativo demo foi interrompido com sucesso.
[27/11/2021 21:38:51:695 BRT] 00000024 com.ibm.ws.app.manager.AppMessageHelper                      I CWWKZ0018I: Iniciando o aplicativo demo.
[27/11/2021 21:38:51:696 BRT] 00000024 bm.ws.app.manager.war.internal.WARDeployedAppInfoFactoryImpl I CWWKZ0134I: O aplicativo demo está usando a definição de aplicativo indefinido no local /home/meri/quarkus/configuration/demo/target/liberty/wlp/usr/servers/demo/apps/demo.war.xml.
[27/11/2021 21:38:51:721 BRT] 0000005b com.ibm.ws.webcontainer.osgi.mbeans.PluginGenerator          I SRVE9103I: Um arquivo de configuração para um plug-in de servidor da web foi automaticamente gerado para este servidor em /home/meri/quarkus/configuration/demo/target/liberty/wlp/usr/servers/demo/logs/state/plugin-cfg.xml.
[27/11/2021 21:38:51:926 BRT] 0000002c com.ibm.ws.webcontainer.osgi.mbeans.PluginGenerator          I SRVE9103I: Um arquivo de configuração para um plug-in de servidor da web foi automaticamente gerado para este servidor em /home/meri/quarkus/configuration/demo/target/liberty/wlp/usr/servers/demo/logs/state/plugin-cfg.xml.
[27/11/2021 21:38:52:556 BRT] 00000024 io.openliberty.microprofile.openapi20.ApplicationProcessor   I CWWKO1660I: O aplicativo demo foi processado e um documento OpenAPI foi produzido.
[27/11/2021 21:38:52:988 BRT] 00000024 com.ibm.ws.webcontainer.osgi.webapp.WebGroup                 I SRVE0169I: Carregando o Módulo da Web: demo.
[27/11/2021 21:38:52:989 BRT] 00000024 com.ibm.ws.http.internal.VirtualHostImpl                     A CWWKT0016I: Aplicativo da Web disponível (default_host): http://localhost:9080/
[27/11/2021 21:38:52:991 BRT] 0000005c com.ibm.ws.session.WASSessionCore                            I SESN0176I: Um novo contexto de sessão será criado para a chave do aplicativo default_host/
[27/11/2021 21:38:52:992 BRT] 0000005c com.ibm.ws.util                                              I SESN0172I: O gerenciador de sessões está usando a implementação SecureRandom padrão Java para geração do ID de sessão.
[27/11/2021 21:38:53:005 BRT] 0000005c com.ibm.ws.app.manager.AppMessageHelper                      A CWWKZ0003I: O aplicativo demo foi atualizado em 1,310 segundos.
[27/11/2021 21:38:53:022 BRT] 00000036 com.ibm.ws.http.internal.VirtualHostImpl                     A CWWKT0017I: Aplicativo da Web removido (default_host): http://localhost:9080/
[27/11/2021 21:38:53:037 BRT] 00000036 com.ibm.ws.app.manager.AppMessageHelper                      A CWWKZ0009I: O aplicativo demo foi interrompido com sucesso.
[27/11/2021 21:38:53:040 BRT] 00000036 com.ibm.ws.app.manager.AppMessageHelper                      I CWWKZ0018I: Iniciando o aplicativo demo.
[27/11/2021 21:38:53:041 BRT] 00000036 bm.ws.app.manager.war.internal.WARDeployedAppInfoFactoryImpl I CWWKZ0134I: O aplicativo demo está usando a definição de aplicativo indefinido no local /home/meri/quarkus/configuration/demo/target/liberty/wlp/usr/servers/demo/apps/demo.war.xml.
[27/11/2021 21:38:53:070 BRT] 00000027 com.ibm.ws.webcontainer.osgi.mbeans.PluginGenerator          I SRVE9103I: Um arquivo de configuração para um plug-in de servidor da web foi automaticamente gerado para este servidor em /home/meri/quarkus/configuration/demo/target/liberty/wlp/usr/servers/demo/logs/state/plugin-cfg.xml.
[27/11/2021 21:38:53:131 BRT] 0000002c com.ibm.ws.webcontainer.osgi.mbeans.PluginGenerator          I SRVE9103I: Um arquivo de configuração para um plug-in de servidor da web foi automaticamente gerado para este servidor em /home/meri/quarkus/configuration/demo/target/liberty/wlp/usr/servers/demo/logs/state/plugin-cfg.xml.
[27/11/2021 21:38:53:786 BRT] 00000036 io.openliberty.microprofile.openapi20.ApplicationProcessor   I CWWKO1660I: O aplicativo demo foi processado e um documento OpenAPI foi produzido.
[27/11/2021 21:38:54:128 BRT] 00000036 com.ibm.ws.webcontainer.osgi.webapp.WebGroup                 I SRVE0169I: Carregando o Módulo da Web: demo.
[27/11/2021 21:38:54:129 BRT] 00000036 com.ibm.ws.http.internal.VirtualHostImpl                     A CWWKT0016I: Aplicativo da Web disponível (default_host): http://localhost:9080/
[27/11/2021 21:38:54:130 BRT] 0000005f com.ibm.ws.session.WASSessionCore                            I SESN0176I: Um novo contexto de sessão será criado para a chave do aplicativo default_host/
[27/11/2021 21:38:54:130 BRT] 0000005f com.ibm.ws.util                                              I SESN0172I: O gerenciador de sessões está usando a implementação SecureRandom padrão Java para geração do ID de sessão.
[27/11/2021 21:38:54:142 BRT] 0000005f com.ibm.ws.app.manager.AppMessageHelper                      A CWWKZ0003I: O aplicativo demo foi atualizado em 1,102 segundos.
[27/11/2021 21:38:54:231 BRT] 0000005b com.ibm.ws.webcontainer.osgi.mbeans.PluginGenerator          I SRVE9103I: Um arquivo de configuração para um plug-in de servidor da web foi automaticamente gerado para este servidor em /home/meri/quarkus/configuration/demo/target/liberty/wlp/usr/servers/demo/logs/state/plugin-cfg.xml.
[27/11/2021 21:39:04:512 BRT] 0000005c .apache.cxf.cxf.core.3.2:1.0.59.cl211220211117-1256(id=102)] I Setting the server's publish address to be /data/
[27/11/2021 21:39:04:517 BRT] 0000005c com.ibm.ws.webcontainer.servlet                              I SRVE0242I: [demo] [/] [com.config.demo.DemoRestApplication]: Inicialização bem sucedida.
[27/11/2021 21:39:04:535 BRT] 0000005c SystemErr                                                    R SLF4J: Class path contains multiple SLF4J bindings.
[27/11/2021 21:39:04:536 BRT] 0000005c SystemErr                                                    R SLF4J: Found binding in [wsjar:file:/home/meri/.m2/repository/org/jboss/slf4j/slf4j-jboss-logmanager/1.1.0.Final/slf4j-jboss-logmanager-1.1.0.Final.jar!/org/slf4j/impl/StaticLoggerBinder.class]
[27/11/2021 21:39:04:536 BRT] 0000005c SystemErr                                                    R SLF4J: Found binding in [wsjar:file:/home/meri/.m2/repository/org/slf4j/slf4j-jdk14/1.7.30/slf4j-jdk14-1.7.30.jar!/org/slf4j/impl/StaticLoggerBinder.class]
[27/11/2021 21:39:04:536 BRT] 0000005c SystemErr                                                    R SLF4J: See http://www.slf4j.org/codes.html#multiple_bindings for an explanation.
[27/11/2021 21:39:04:538 BRT] 0000005c SystemErr                                                    R SLF4J: Actual binding is of type [org.slf4j.impl.Slf4jLoggerFactory]
[27/11/2021 21:39:04:645 BRT] 0000005c m.ibm.ws.microprofile.opentracing.jaeger.JaegerTracerFactory I CWMOT1001I: Uma instância de JaegerTracer foi criada para o aplicativo demo. As informações de rastreio são enviadas para localhost:6831.
[27/11/2021 21:39:46:909 BRT] 00000014 com.ibm.ws.kernel.launch.internal.ServerCommandListener      A CWWKE0055I: Encerramento do servidor solicitado em sábado, 27 de novembro de 2021 às 21:39. O servidor demo está sendo encerrado.
[27/11/2021 21:39:46:912 BRT] 000000a1 com.ibm.ws.runtime.update.internal.RuntimeUpdateManagerImpl  A CWWKE1100I: Aguardando até 30 segundos para o servidor ser colocado em modo quiesce.
[27/11/2021 21:39:46:917 BRT] 00000028 com.ibm.ws.tcpchannel.internal.TCPChannel                    I CWWKO0220I: O Canal TCP defaultHttpEndpoint-ssl interrompeu o atendimento das solicitações no host localhost  (IPv4: 127.0.0.1) porta 9443.
[27/11/2021 21:39:46:918 BRT] 00000028 com.ibm.ws.tcpchannel.internal.TCPChannel                    I CWWKO0220I: O Canal TCP defaultHttpEndpoint interrompeu o atendimento das solicitações no host localhost  (IPv4: 127.0.0.1) porta 9080.
[27/11/2021 21:39:46:919 BRT] 00000028 com.ibm.ws.http.internal.VirtualHostImpl                     A CWWKT0017I: Aplicativo da Web removido (default_host): http://localhost:9080/jwt/
[27/11/2021 21:39:46:919 BRT] 00000028 com.ibm.ws.http.internal.VirtualHostImpl                     A CWWKT0017I: Aplicativo da Web removido (default_host): http://localhost:9080/openapi/ui/
[27/11/2021 21:39:46:919 BRT] 00000028 com.ibm.ws.http.internal.VirtualHostImpl                     A CWWKT0017I: Aplicativo da Web removido (default_host): http://localhost:9080/health/
[27/11/2021 21:39:46:919 BRT] 00000028 com.ibm.ws.http.internal.VirtualHostImpl                     A CWWKT0017I: Aplicativo da Web removido (default_host): http://localhost:9080/metrics/
[27/11/2021 21:39:46:919 BRT] 00000028 com.ibm.ws.http.internal.VirtualHostImpl                     A CWWKT0017I: Aplicativo da Web removido (default_host): http://localhost:9080/
[27/11/2021 21:39:46:920 BRT] 00000028 com.ibm.ws.http.internal.VirtualHostImpl                     A CWWKT0017I: Aplicativo da Web removido (default_host): http://localhost:9080/ibm/api/
[27/11/2021 21:39:46:920 BRT] 00000028 com.ibm.ws.http.internal.VirtualHostImpl                     A CWWKT0017I: Aplicativo da Web removido (default_host): http://localhost:9080/openapi/
[27/11/2021 21:39:47:922 BRT] 000000a1 com.ibm.ws.runtime.update.internal.RuntimeUpdateManagerImpl  I CWWKE1101I: Colocação em modo quiesce do servidor concluída.
[27/11/2021 21:39:47:947 BRT] 00000027 com.ibm.ws.webcontainer.servlet                              I SRVE0253I: [demo] [/] [com.config.demo.DemoRestApplication]: Destruição bem sucedida.
[27/11/2021 21:39:47:954 BRT] 00000027 com.ibm.ws.app.manager.AppMessageHelper                      A CWWKZ0009I: O aplicativo demo foi interrompido com sucesso.
[27/11/2021 21:39:48:082 BRT] 000000a1 com.ibm.ws.webcontainer.servlet                              I SRVE0253I: [io.openliberty.microprofile.openapi.2.0.internal] [/openapi] [ApplicationServlet]: Destruição bem sucedida.
[27/11/2021 21:39:48:089 BRT] 000000a1 com.ibm.ws.webcontainer.servlet                              I SRVE0253I: [io.openliberty.microprofile.metrics.internal.public] [/metrics] [PublicMetricsRESTProxyServlet]: Destruição bem sucedida.
[27/11/2021 21:39:48:095 BRT] 000000a1 com.ibm.ws.webcontainer.servlet                              I SRVE0253I: [io.openliberty.microprofile.health.3.0.internal] [/health] [HealthCheckReadinessServlet]: Destruição bem sucedida.
[27/11/2021 21:39:48:095 BRT] 000000a1 com.ibm.ws.webcontainer.servlet                              I SRVE0253I: [io.openliberty.microprofile.health.3.0.internal] [/health] [HealthCheckLivenessServlet]: Destruição bem sucedida.
[27/11/2021 21:39:48:095 BRT] 000000a1 com.ibm.ws.webcontainer.servlet                              I SRVE0253I: [io.openliberty.microprofile.health.3.0.internal] [/health] [HealthCheckServlet]: Destruição bem sucedida.
[27/11/2021 21:39:48:621 BRT] 000000a1 rty.security.mp.jwt.v12.config.impl.MpConfigProxyServiceImpl I CWWKS5782I: O MicroProfile JWT versão 1.2 mpConfigProxy foi desativado com sucesso.
[27/11/2021 21:39:48:631 BRT] 000000a1 .ws.security.mp.jwt.v11.config.impl.MpConfigProxyServiceImpl I CWWKS5777I: O mpConfigProxy do MicroProfile JWT versão 1.1 foi desativado com sucesso.
[27/11/2021 21:39:48:645 BRT] 000000a1 com.ibm.ws.security.mp.jwt.impl.MicroProfileJwtConfigImpl    I CWWKS5502I: A configuração do MicroProfile JWT [jwtUserConsumer] foi desativada com sucesso.
[27/11/2021 21:39:48:651 BRT] 000000a1 com.ibm.ws.security.mp.jwt.impl.MicroProfileJwtConfigImpl    I CWWKS5502I: A configuração do MicroProfile JWT [defaultMpJwt] foi desativada com sucesso.
[27/11/2021 21:39:48:657 BRT] 000000a1 com.ibm.ws.security.mp.jwt.impl.MicroProfileJwtServiceImpl   I CWWKS5502I: A configuração do MicroProfile JWT [MicroProfileJwtService] foi desativada com sucesso.
[27/11/2021 21:39:48:864 BRT] 000000a1 .microprofile.metrics.internal.monitor.MonitorMetricsHandler I CWPMI2004I: Todas as métricas de monitoramento tiveram seu registro cancelado do mpMetrics.
[27/11/2021 21:39:48:958 BRT] 000000a1 com.ibm.ws.security.ready.internal.SecurityReadyServiceImpl  I CWWKS0009I: O serviço de segurança parou.
[27/11/2021 21:39:48:991 BRT] 000000a1 ibm.ws.security.authentication.internal.jaas.JAASServiceImpl I CWWKS1124I:  O plug-in de autenticação coletivo com o nome de classe NullCollectiveAuthenticationPlugin foi desativado. 
[27/11/2021 21:39:49:708 BRT] 00000001 com.ibm.ws.kernel.launch.internal.FrameworkManager           A CWWKE0036I: O servidor demo foi interrompido depois de 12 minutos, 47,005 segundos.
